<?xml version="1.0" encoding="UTF-8"?>
<robot generator="Robot 4.0.1 (Python 3.9.4 on win32)" generated="20210429 10:58:08.321" rpa="false" schemaversion="2">
<suite id="s1" name="inputBox" source="C:\Users\stefa\PycharmProjects\studentsRobotSelenium\TestCases\inputBox.robot">
<test id="s1-t1" name="TestingInputBox">
<kw name="Open Browser" library="SeleniumLibrary">
<arg>${url}</arg>
<doc>Opens a new browser instance to the optional ``url``.</doc>
<msg timestamp="20210429 10:58:08.495" level="INFO">Opening browser 'firefox' to base url 'https://demo.nopcommerce.com/'.</msg>
<msg timestamp="20210429 10:58:08.496" level="INFO">Firefox driver log is always forced to to: C:\Users\stefa\PycharmProjects\studentsRobotSelenium\geckodriver-3.log</msg>
<status status="PASS" starttime="20210429 10:58:08.495" endtime="20210429 10:58:15.325"/>
</kw>
<kw name="TextFieldCheck">
<kw name="Maximize Browser Window" library="SeleniumLibrary">
<doc>Maximizes current browser window.</doc>
<status status="PASS" starttime="20210429 10:58:15.325" endtime="20210429 10:58:15.582"/>
</kw>
<kw name="Title Should Be" library="SeleniumLibrary">
<arg>nopCommerce demo store</arg>
<doc>Verifies that the current page title equals ``title``.</doc>
<msg timestamp="20210429 10:58:15.584" level="INFO">Page title is 'nopCommerce demo store'.</msg>
<status status="PASS" starttime="20210429 10:58:15.582" endtime="20210429 10:58:15.584"/>
</kw>
<kw name="Click Link" library="SeleniumLibrary">
<arg>xpath://a[@class='ico-login']</arg>
<doc>Clicks a link identified by ``locator``.</doc>
<msg timestamp="20210429 10:58:15.584" level="INFO">Clicking link 'xpath://a[@class='ico-login']'.</msg>
<status status="PASS" starttime="20210429 10:58:15.584" endtime="20210429 10:58:16.785"/>
</kw>
<kw name="Set Variable" library="BuiltIn">
<var>${email_txt}</var>
<arg>xpath://input[@id='Email']</arg>
<doc>Returns the given values which can then be assigned to a variables.</doc>
<msg timestamp="20210429 10:58:16.785" level="INFO">${email_txt} = xpath://input[@id='Email']</msg>
<status status="PASS" starttime="20210429 10:58:16.785" endtime="20210429 10:58:16.785"/>
</kw>
<kw name="Element Should Be Visible" library="SeleniumLibrary">
<arg>${email_txt}</arg>
<doc>Verifies that the element identified by ``locator`` is visible.</doc>
<msg timestamp="20210429 10:58:16.804" level="INFO">Element 'xpath://input[@id='Email']' is displayed.</msg>
<status status="PASS" starttime="20210429 10:58:16.785" endtime="20210429 10:58:16.804"/>
</kw>
<kw name="Input Text" library="SeleniumLibrary">
<arg>${email_txt}</arg>
<arg>kd3180@hotmail.com</arg>
<doc>Types the given ``text`` into the text field identified by ``locator``.</doc>
<msg timestamp="20210429 10:58:16.805" level="INFO">Typing text 'kd3180@hotmail.com' into text field 'xpath://input[@id='Email']'.</msg>
<status status="PASS" starttime="20210429 10:58:16.804" endtime="20210429 10:58:16.823"/>
</kw>
<kw name="Sleep" library="BuiltIn">
<arg>3</arg>
<doc>Pauses the test executed for the given time.</doc>
<msg timestamp="20210429 10:58:19.838" level="INFO">Slept 3 seconds</msg>
<status status="PASS" starttime="20210429 10:58:16.823" endtime="20210429 10:58:19.838"/>
</kw>
<kw name="Clear Element Text" library="SeleniumLibrary">
<arg>${email_txt}</arg>
<doc>Clears the value of the text-input-element identified by ``locator``.</doc>
<status status="PASS" starttime="20210429 10:58:19.839" endtime="20210429 10:58:19.868"/>
</kw>
<kw name="Sleep" library="BuiltIn">
<arg>3</arg>
<doc>Pauses the test executed for the given time.</doc>
<msg timestamp="20210429 10:58:22.874" level="INFO">Slept 3 seconds</msg>
<status status="PASS" starttime="20210429 10:58:19.869" endtime="20210429 10:58:22.874"/>
</kw>
<status status="PASS" starttime="20210429 10:58:15.325" endtime="20210429 10:58:22.875"/>
</kw>
<kw name="Close Browser" library="SeleniumLibrary">
<doc>Closes the current browser.</doc>
<status status="PASS" starttime="20210429 10:58:22.876" endtime="20210429 10:58:25.426"/>
</kw>
<status status="PASS" starttime="20210429 10:58:08.495" endtime="20210429 10:58:25.426"/>
</test>
<status status="PASS" starttime="20210429 10:58:08.322" endtime="20210429 10:58:25.428"/>
</suite>
<statistics>
<total>
<stat pass="1" fail="0" skip="0">All Tests</stat>
</total>
<tag>
</tag>
<suite>
<stat pass="1" fail="0" skip="0" id="s1" name="inputBox">inputBox</stat>
</suite>
</statistics>
<errors>
</errors>
</robot>
